<?xml version="1.0" encoding="UTF-8"?>
<testsuite xmlns:xsi="http://www.w3.org/2001/XMLSchema-instance" xsi:noNamespaceSchemaLocation="https://maven.apache.org/surefire/maven-surefire-plugin/xsd/surefire-test-report.xsd" name="ghaffarian.graphs.GraphsTests" time="0.078" tests="3" errors="0" skipped="0" failures="0">
  <properties>
[...]
</properties>
  <testcase name="subGraphTest" classname="ghaffarian.graphs.GraphsTests" time="0.006"/>
  <testcase name="dotWriterTest" classname="ghaffarian.graphs.GraphsTests" time="0.001"/>
  <testcase name="dotReaderTest" classname="ghaffarian.graphs.GraphsTests" time="0.001"/>
</testsuite>